
  You can now view your Streamlit app in your browser.

  Local URL: http://localhost:8513
  Network URL: http://192.168.50.62:8513

Exception in thread Thread-1:
Traceback (most recent call last):
  File "/usr/lib/python3.12/threading.py", line 1075, in _bootstrap_inner
    self.run()
  File "/var/data/python/lib/python3.12/site-packages/watchdog/observers/api.py", line 213, in run
    self.dispatch_events(self.event_queue)
  File "/var/data/python/lib/python3.12/site-packages/watchdog/observers/api.py", line 391, in dispatch_events
    handler.dispatch(event)
  File "/var/data/python/lib/python3.12/site-packages/watchdog/events.py", line 217, in dispatch
    getattr(self, f"on_{event.event_type}")(event)
  File "/var/data/python/lib/python3.12/site-packages/streamlit/watcher/event_based_path_watcher.py", line 414, in on_created
    self.handle_path_change_event(event)
  File "/var/data/python/lib/python3.12/site-packages/streamlit/watcher/event_based_path_watcher.py", line 385, in handle_path_change_event
    modification_time = util.path_modification_time(
                        ^^^^^^^^^^^^^^^^^^^^^^^^^^^^
  File "/var/data/python/lib/python3.12/site-packages/streamlit/watcher/util.py", line 94, in path_modification_time
    return _do_with_retries(
           ^^^^^^^^^^^^^^^^^
  File "/var/data/python/lib/python3.12/site-packages/streamlit/watcher/util.py", line 175, in _do_with_retries
    return orig_fn()
           ^^^^^^^^^
  File "/var/data/python/lib/python3.12/site-packages/streamlit/watcher/util.py", line 95, in <lambda>
    lambda: os.stat(path).st_mtime,
            ^^^^^^^^^^^^^
FileNotFoundError: [Errno 2] No such file or directory: '/home/adamscarcella/Projects/phd_financial_assistant/src/trading/__pycache__/alpaca_client.cpython-312.pyc.140457509281008'
A: 30 bars fetched
AAPL: 30 bars fetched
ABNB: 30 bars fetched
ABT: 30 bars fetched
ACGL: 30 bars fetched
ACN: 30 bars fetched
ADBE: 30 bars fetched
ADM: 30 bars fetched
ADP: 30 bars fetched
AEE: 30 bars fetched
AEP: 30 bars fetched
AES: 30 bars fetched
AFL: 30 bars fetched
AIG: 30 bars fetched
AIZ: 30 bars fetched
AKA: 30 bars fetched
AAPL: 30 bars fetched
ABNB: 30 bars fetched
ABT: 30 bars fetched
ACGL: 30 bars fetched
ACN: 30 bars fetched
ADBE: 30 bars fetched
ADM: 30 bars fetched
ADP: 30 bars fetched
AEE: 30 bars fetched
AEP: 30 bars fetched
AES: 30 bars fetched
AFL: 30 bars fetched
AIG: 30 bars fetched
AIZ: 30 bars fetched
AKAM: 30 bars fetched
ALGN: 30 bars fetched
ALL: 30 bars fetched
ALLE: 30 bars fetched
AMAT: 30 bars fetched
AMCR: 30 bars fetched
AME: 30 bars fetched
AMGN: 30 bars fetched
AMP: 30 bars fetched
AMT: 30 bars fetched
AMZN: 30 bars fetched
AON: 30 bars fetched
AOS: 30 bars fetched
APA: 30 bars fetched
APO: 30 bars fetched
APTV: 30 bars fetched
ATO: 30 bars fetched
AVB: 30 bars fetched
AVY: 30 bars fetched
AWK: 30 bars fetched
AXP: 30 bars fetched
AZO: 30 bars fetched
BAC: 30 bars fetched
BALL: 30 bars fetched
BBY: 30 bars fetched
BDX: 30 bars fetched
BEN: 30 bars fetched
BG: 30 bars fetched
BIIB: 30 bars fetched
BK: 30 bars fetched
BKNG: 30 bars fetched
BKR: 30 bars fetched
BLDR: 30 bars fetched
BLK: 30 bars fetched
BMY: 30 bars fetched
BR: 30 bars fetched
BRO: 30 bars fetched
C: 30 bars fetched
CAG: 30 bars fetched
CAH: 30 bars fetched
CAT: 30 bars fetched
CB: 30 bars fetched
CBOE: 30 bars fetched
CCL: 30 bars fetched
CDW: 30 bars fetched
CEG: 30 bars fetched
CF: 30 bars fetched
CFG: 30 bars fetched
CHRW: 30 bars fetched
CHTR: 30 bars fetched
CI: 30 bars fetched
CINF: 30 bars fetched
CL: 30 bars fetched
CLX: 30 bars fetched
CMCSA: 30 bars fetched
CME: 30 bars fetched
CMI: 30 bars fetched
CMS: 30 bars fetched
CNC: 30 bars fetched
CNP: 30 bars fetched
COF: 30 bars fetched
COO: 30 bars fetched
COP: 30 bars fetched
COR: 30 bars fetched
CPAY: 30 bars fetched
CPB: 30 bars fetched
CPRT: 30 bars fetched
CSCO: 30 bars fetched
CSX: 30 bars fetched
CTRA: 30 bars fetched
CTSH: 30 bars fetched
CVS: 30 bars fetched
CVX: 30 bars fetched
D: 30 bars fetched
DAL: 30 bars fetched
DE: 30 bars fetched
DECK: 30 bars fetched
DELL: 30 bars fetched
DG: 30 bars fetched
DGX: 30 bars fetched
DHI: 30 bars fetched
DHR: 30 bars fetched
DIS: 30 bars fetched
DLTR: 30 bars fetched
DOV: 30 bars fetched
DPZ: 30 bars fetched
DRI: 30 bars fetched
DTE: 30 bars fetched
DUK: 30 bars fetched
DVA: 30 bars fetched
DVN: 30 bars fetched
EA: 30 bars fetched
EBAY: 30 bars fetched
ECL: 30 bars fetched
ED: 30 bars fetched
EG: 30 bars fetched
EIX: 30 bars fetched
ELV: 30 bars fetched
EMN: 30 bars fetched
EMR: 30 bars fetched
ENPH: 30 bars fetched
EOG: 30 bars fetched
EPAM: 30 bars fetched
EQR: 30 bars fetched
ERIE: 30 bars fetched
ES: 30 bars fetched
ESS: 30 bars fetched
ETN: 30 bars fetched
ETR: 30 bars fetched
EVRG: 30 bars fetched
EW: 30 bars fetched
EXC: 30 bars fetched
EXPD: 30 bars fetched
EXPE: 30 bars fetched
EXR: 30 bars fetched
F: 30 bars fetched
FANG: 30 bars fetched
FCX: 30 bars fetched
FDS: 30 bars fetched
FDX: 30 bars fetched
FE: 30 bars fetched
FFIV: 30 bars fetched
FI: 30 bars fetched
FITB: 30 bars fetched
FOX: 30 bars fetched
FOXA: 30 bars fetched
FRT: 30 bars fetched
FSLR: 30 bars fetched
FTV: 30 bars fetched
GD: 30 bars fetched
GDDY: 30 bars fetched
GE: 30 bars fetched
GEHC: 30 bars fetched
GEN: 30 bars fetched
GILD: 30 bars fetched
GIS: 30 bars fetched
GL: 30 bars fetched
GM: 30 bars fetched
GNRC: 30 bars fetched
GOOG: 30 bars fetched
GOOGL: 30 bars fetched
GPC: 30 bars fetched
GPN: 30 bars fetched
GRMN: 30 bars fetched
GS: 30 bars fetched
GWW: 30 bars fetched
HAL: 30 bars fetched
HAS: 30 bars fetched
HBAN: 30 bars fetched
HCA: 30 bars fetched
HD: 30 bars fetched
HES: 30 bars fetched
HIG: 30 bars fetched
HII: 30 bars fetched
HOLX: 30 bars fetched
HON: 30 bars fetched
HPE: 30 bars fetched
HPQ: 30 bars fetched
HRL: 30 bars fetched
HSIC: 30 bars fetched
HST: 30 bars fetched
HSY: 30 bars fetched
HUBB: 30 bars fetched
HUM: 30 bars fetched
ICE: 30 bars fetched
IEX: 30 bars fetched
IP: 30 bars fetched
IPG: 30 bars fetched
IQV: 30 bars fetched
IT: 30 bars fetched
ITW: 30 bars fetched
IVZ: 30 bars fetched
JBHT: 30 bars fetched
JCI: 30 bars fetched
JKHY: 30 bars fetched
JNJ: 30 bars fetched
JNPR: 30 bars fetched
JPM: 30 bars fetched
K: 30 bars fetched
KDP: 30 bars fetched
KEYS: 30 bars fetched
KHC: 30 bars fetched
KIM: 30 bars fetched
KLAC: 30 bars fetched
KMB: 30 bars fetched
KMI: 30 bars fetched
KMX: 30 bars fetched
KO: 30 bars fetched
KR: 30 bars fetched
KVUE: 30 bars fetched
L: 30 bars fetched
LDOS: 30 bars fetched
LEN: 30 bars fetched
LH: 30 bars fetched
LHX: 30 bars fetched
LII: 30 bars fetched
LIN: 30 bars fetched
LKQ: 30 bars fetched
LMT: 30 bars fetched
LNT: 30 bars fetched
LOW: 30 bars fetched
LRCX: 30 bars fetched
LULU: 30 bars fetched
LUV: 30 bars fetched
LVS: 30 bars fetched
LW: 30 bars fetched
LYB: 30 bars fetched
MA: 30 bars fetched
MAA: 30 bars fetched
MAR: 30 bars fetched
MAS: 30 bars fetched
MCD: 30 bars fetched
MCK: 30 bars fetched
MDLZ: 30 bars fetched
MDT: 30 bars fetched
MET: 30 bars fetched
META: 30 bars fetched
MGM: 30 bars fetched
MHK: 30 bars fetched
MKC: 30 bars fetched
MKTX: 30 bars fetched
MLM: 30 bars fetched
MMC: 30 bars fetched
MMM: 30 bars fetched
MO: 30 bars fetched
MOH: 30 bars fetched
MOS: 30 bars fetched
MPC: 30 bars fetched
MPWR: 30 bars fetched
MRK: 30 bars fetched
MS: 30 bars fetched
MSCI: 30 bars fetched
MSFT: 30 bars fetched
MSI: 30 bars fetched
MTB: 30 bars fetched
MTCH: 30 bars fetched
MTD: 30 bars fetched
MU: 30 bars fetched
NCLH: 30 bars fetched
NDAQ: 30 bars fetched
NDSN: 30 bars fetched
NEE: 30 bars fetched
NEM: 30 bars fetched
NI: 30 bars fetched
NKE: 30 bars fetched
NOC: 30 bars fetched
NRG: 30 bars fetched
NSC: 30 bars fetched
NTAP: 30 bars fetched
NTRS: 30 bars fetched
NUE: 30 bars fetched
NVR: 30 bars fetched
NWSA: 30 bars fetched
NXPI: 30 bars fetched
ODFL: 30 bars fetched
OKE: 30 bars fetched
OMC: 30 bars fetched
ON: 30 bars fetched
ORLY: 30 bars fetched
OTIS: 30 bars fetched
OXY: 30 bars fetched
PAYC: 30 bars fetched
PAYX: 30 bars fetched
PCAR: 30 bars fetched
PCG: 30 bars fetched
PEG: 30 bars fetched
PEP: 30 bars fetched
PFE: 30 bars fetched
PFG: 30 bars fetched
PG: 30 bars fetched
PGR: 30 bars fetched
PH: 30 bars fetched
PHM: 30 bars fetched
PKG: 30 bars fetched
PLD: 30 bars fetched
PM: 30 bars fetched
PNC: 30 bars fetched
PNR: 30 bars fetched
PNW: 30 bars fetched
POOL: 30 bars fetched
PPG: 30 bars fetched
PPL: 30 bars fetched
PRU: 30 bars fetched
PSA: 30 bars fetched
PSX: 30 bars fetched
PYPL: 30 bars fetched
QCOM: 30 bars fetched
RCL: 30 bars fetched
REG: 30 bars fetched
REGN: 30 bars fetched
RF: 30 bars fetched
RJF: 30 bars fetched
RL: 30 bars fetched
RMD: 30 bars fetched
ROST: 30 bars fetched
RSG: 30 bars fetched
RVTY: 30 bars fetched
SBAC: 30 bars fetched
SBUX: 30 bars fetched
SCHW: 30 bars fetched
SHW: 30 bars fetched
SLB: 30 bars fetched
SMCI: 30 bars fetched
SNA: 30 bars fetched
SO: 30 bars fetched
SOLV: 30 bars fetched
SPG: 30 bars fetched
SRE: 30 bars fetched
STE: 30 bars fetched
STLD: 30 bars fetched
STT: 30 bars fetched
STX: 30 bars fetched
SWK: 30 bars fetched
SWKS: 30 bars fetched
SYF: 30 bars fetched
SYY: 30 bars fetched
T: 30 bars fetched
TAP: 30 bars fetched
TDY: 30 bars fetched
TEL: 30 bars fetched
TER: 30 bars fetched
TGT: 30 bars fetched
TJX: 30 bars fetched
TMO: 30 bars fetched
TMUS: 30 bars fetched
TPR: 30 bars fetched
TRGP: 30 bars fetched
TRMB: 30 bars fetched
TROW: 30 bars fetched
TRV: 30 bars fetched
TSCO: 30 bars fetched
TSN: 30 bars fetched
TT: 30 bars fetched
TXN: 30 bars fetched
TXT: 30 bars fetched
UAL: 30 bars fetched
UBER: 30 bars fetched
UHS: 30 bars fetched
ULTA: 30 bars fetched
UNH: 30 bars fetched
UNP: 30 bars fetched
UPS: 30 bars fetched
URI: 30 bars fetched
USB: 30 bars fetched
V: 30 bars fetched
VICI: 30 bars fetched
VLTO: 30 bars fetched
VMC: 30 bars fetched
VRSN: 30 bars fetched
VST: 30 bars fetched
VZ: 30 bars fetched
WAB: 30 bars fetched
WAT: 30 bars fetched
WDC: 30 bars fetched
WEC: 30 bars fetched
WFC: 30 bars fetched
WM: 30 bars fetched
WMB: 30 bars fetched
WRB: 30 bars fetched
WSM: 30 bars fetched
WST: 30 bars fetched
WYNN: 30 bars fetched
XEL: 30 bars fetched
XOM: 30 bars fetched
XYL: 30 bars fetched
YUM: 30 bars fetched
ZBH: 30 bars fetched
ZBRA: 30 bars fetched
ZTS: 30 bars fetched
A: 30 bars fetched
AAPL: 30 bars fetched
ABNB: 30 bars fetched
ABT: 30 bars fetched
ACGL: 30 bars fetched
ACN: 30 bars fetched
ADBE: 30 bars fetched
ADM: 30 bars fetched
ADP: 30 bars fetched
AEE: 30 bars fetched
AEP: 30 bars fetched
AES: 30 bars fetched
AFL: 30 bars fetched
AIG: 30 bars fetched
AIZ: 30 bars fetched
AKAM: 30 bars fetched
ALGN: 30 bars fetched
ALL: 30 bars fetched
ALLE: 30 bars fetched
AMAT: 30 bars fetched
AMCR: 30 bars fetched
AME: 30 bars fetched
AMGN: 30 bars fetched
AMP: 30 bars fetched
AMT: 30 bars fetched
AMZN: 30 bars fetched
AON: 30 bars fetched
AOS: 30 bars fetched
APA: 30 bars fetched
APO: 30 bars fetched
APTV: 30 bars fetched
ATO: 30 bars fetched
AVB: 30 bars fetched
AVY: 30 bars fetched
AWK: 30 bars fetched
AXP: 30 bars fetched
AZO: 30 bars fetched
BAC: 30 bars fetched
BALL: 30 bars fetched
BBY: 30 bars fetched
BDX: 30 bars fetched
BEN: 30 bars fetched
BG: 30 bars fetched
BIIB: 30 bars fetched
BK: 30 bars fetched
BKNG: 30 bars fetched
BKR: 30 bars fetched
BLDR: 30 bars fetched
BLK: 30 bars fetched
BMY: 30 bars fetched
BR: 30 bars fetched
BRO: 30 bars fetched
C: 30 bars fetched
CAG: 30 bars fetched
CAH: 30 bars fetched
CAT: 30 bars fetched
CB: 30 bars fetched
CBOE: 30 bars fetched
CCL: 30 bars fetched
CDW: 30 bars fetched
CEG: 30 bars fetched
CF: 30 bars fetched
CFG: 30 bars fetched
CHRW: 30 bars fetched
CHTR: 30 bars fetched
CI: 30 bars fetched
CINF: 30 bars fetched
CL: 30 bars fetched
CLX: 30 bars fetched
CMCSA: 30 bars fetched
CME: 30 bars fetched
CMI: 30 bars fetched
CMS: 30 bars fetched
CNC: 30 bars fetched
CNP: 30 bars fetched
COF: 30 bars fetched
COO: 30 bars fetched
COP: 30 bars fetched
COR: 30 bars fetched
CPAY: 30 bars fetched
CPB: 30 bars fetched
CPRT: 30 bars fetched
CSCO: 30 bars fetched
CSX: 30 bars fetched
CTRA: 30 bars fetched
CTSH: 30 bars fetched
CVS: 30 bars fetched
CVX: 30 bars fetched
D: 30 bars fetched
DAL: 30 bars fetched
DE: 30 bars fetched
DECK: 30 bars fetched
DELL: 30 bars fetched
DG: 30 bars fetched
DGX: 30 bars fetched
DHI: 30 bars fetched
DHR: 30 bars fetched
DIS: 30 bars fetched
DLTR: 30 bars fetched
DOV: 30 bars fetched
DPZ: 30 bars fetched
DRI: 30 bars fetched
DTE: 30 bars fetched
DUK: 30 bars fetched
DVA: 30 bars fetched
DVN: 30 bars fetched
EA: 30 bars fetched
EBAY: 30 bars fetched
ECL: 30 bars fetched
ED: 30 bars fetched
EG: 30 bars fetched
EIX: 30 bars fetched
ELV: 30 bars fetched
EMN: 30 bars fetched
EMR: 30 bars fetched
ENPH: 30 bars fetched
EOG: 30 bars fetched
EPAM: 30 bars fetched
EQR: 30 bars fetched
ERIE: 30 bars fetched
ES: 30 bars fetched
ESS: 30 bars fetched
ETN: 30 bars fetched
ETR: 30 bars fetched
EVRG: 30 bars fetched
EW: 30 bars fetched
EXC: 30 bars fetched
EXPD: 30 bars fetched
EXPE: 30 bars fetched
EXR: 30 bars fetched
F: 30 bars fetched
FANG: 30 bars fetched
FCX: 30 bars fetched
FDS: 30 bars fetched
FDX: 30 bars fetched
FE: 30 bars fetched
FFIV: 30 bars fetched
FI: 30 bars fetched
FITB: 30 bars fetched
FOX: 30 bars fetched
FOXA: 30 bars fetched
FRT: 30 bars fetched
FSLR: 30 bars fetched
FTV: 30 bars fetched
GD: 30 bars fetched
GDDY: 30 bars fetched
GE: 30 bars fetched
GEHC: 30 bars fetched
GEN: 30 bars fetched
GILD: 30 bars fetched
GIS: 30 bars fetched
GL: 30 bars fetched
GM: 30 bars fetched
GNRC: 30 bars fetched
GOOG: 30 bars fetched
GOOGL: 30 bars fetched
GPC: 30 bars fetched
GPN: 30 bars fetched
GRMN: 30 bars fetched
GS: 30 bars fetched
GWW: 30 bars fetched
HAL: 30 bars fetched
HAS: 30 bars fetched
HBAN: 30 bars fetched
HCA: 30 bars fetched
HD: 30 bars fetched
HES: 30 bars fetched
HIG: 30 bars fetched
HII: 30 bars fetched
HOLX: 30 bars fetched
HON: 30 bars fetched
HPE: 30 bars fetched
HPQ: 30 bars fetched
HRL: 30 bars fetched
HSIC: 30 bars fetched
HST: 30 bars fetched
HSY: 30 bars fetched
HUBB: 30 bars fetched
HUM: 30 bars fetched
ICE: 30 bars fetched
IEX: 30 bars fetched
IP: 30 bars fetched
IPG: 30 bars fetched
IQV: 30 bars fetched
IT: 30 bars fetched
ITW: 30 bars fetched
IVZ: 30 bars fetched
JBHT: 30 bars fetched
JCI: 30 bars fetched
JKHY: 30 bars fetched
JNJ: 30 bars fetched
JNPR: 30 bars fetched
JPM: 30 bars fetched
K: 30 bars fetched
KDP: 30 bars fetched
KEYS: 30 bars fetched
KHC: 30 bars fetched
KIM: 30 bars fetched
KLAC: 30 bars fetched
KMB: 30 bars fetched
KMI: 30 bars fetched
KMX: 30 bars fetched
KO: 30 bars fetched
KR: 30 bars fetched
KVUE: 30 bars fetched
L: 30 bars fetched
LDOS: 30 bars fetched
LEN: 30 bars fetched
LH: 30 bars fetched
LHX: 30 bars fetched
LII: 30 bars fetched
LIN: 30 bars fetched
LKQ: 30 bars fetched
LMT: 30 bars fetched
LNT: 30 bars fetched
LOW: 30 bars fetched
LRCX: 30 bars fetched
LULU: 30 bars fetched
LUV: 30 bars fetched
LVS: 30 bars fetched
LW: 30 bars fetched
LYB: 30 bars fetched
MA: 30 bars fetched
MAA: 30 bars fetched
MAR: 30 bars fetched
MAS: 30 bars fetched
MCD: 30 bars fetched
MCK: 30 bars fetched
MDLZ: 30 bars fetched
MDT: 30 bars fetched
MET: 30 bars fetched
META: 30 bars fetched
MGM: 30 bars fetched
MHK: 30 bars fetched
MKC: 30 bars fetched
MKTX: 30 bars fetched
MLM: 30 bars fetched
MMC: 30 bars fetched
MMM: 30 bars fetched
MO: 30 bars fetched
MOH: 30 bars fetched
MOS: 30 bars fetched
MPC: 30 bars fetched
MPWR: 30 bars fetched
MRK: 30 bars fetched
MS: 30 bars fetched
MSCI: 30 bars fetched
MSFT: 30 bars fetched
MSI: 30 bars fetched
MTB: 30 bars fetched
MTCH: 30 bars fetched
MTD: 30 bars fetched
MU: 30 bars fetched
NCLH: 30 bars fetched
NDAQ: 30 bars fetched
NDSN: 30 bars fetched
NEE: 30 bars fetched
NEM: 30 bars fetched
NI: 30 bars fetched
NKE: 30 bars fetched
NOC: 30 bars fetched
NRG: 30 bars fetched
NSC: 30 bars fetched
NTAP: 30 bars fetched
NTRS: 30 bars fetched
NUE: 30 bars fetched
NVR: 30 bars fetched
NWSA: 30 bars fetched
NXPI: 30 bars fetched
ODFL: 30 bars fetched
OKE: 30 bars fetched
OMC: 30 bars fetched
ON: 30 bars fetched
ORLY: 30 bars fetched
OTIS: 30 bars fetched
OXY: 30 bars fetched
PAYC: 30 bars fetched
PAYX: 30 bars fetched
PCAR: 30 bars fetched
PCG: 30 bars fetched
PEG: 30 bars fetched
PEP: 30 bars fetched
PFE: 30 bars fetched
PFG: 30 bars fetched
PG: 30 bars fetched
PGR: 30 bars fetched
PH: 30 bars fetched
PHM: 30 bars fetched
PKG: 30 bars fetched
PLD: 30 bars fetched
PM: 30 bars fetched
PNC: 30 bars fetched
PNR: 30 bars fetched
PNW: 30 bars fetched
POOL: 30 bars fetched
PPG: 30 bars fetched
PPL: 30 bars fetched
PRU: 30 bars fetched
PSA: 30 bars fetched
PSX: 30 bars fetched
PYPL: 30 bars fetched
QCOM: 30 bars fetched
RCL: 30 bars fetched
REG: 30 bars fetched
REGN: 30 bars fetched
RF: 30 bars fetched
RJF: 30 bars fetched
RL: 30 bars fetched
RMD: 30 bars fetched
ROST: 30 bars fetched
RSG: 30 bars fetched
RVTY: 30 bars fetched
SBAC: 30 bars fetched
SBUX: 30 bars fetched
SCHW: 30 bars fetched
SHW: 30 bars fetched
SLB: 30 bars fetched
SMCI: 30 bars fetched
SNA: 30 bars fetched
SO: 30 bars fetched
SOLV: 30 bars fetched
SPG: 30 bars fetched
SRE: 30 bars fetched
STE: 30 bars fetched
STLD: 30 bars fetched
STT: 30 bars fetched
STX: 30 bars fetched
SWK: 30 bars fetched
SWKS: 30 bars fetched
SYF: 30 bars fetched
SYY: 30 bars fetched
T: 30 bars fetched
TAP: 30 bars fetched
TDY: 30 bars fetched
TEL: 30 bars fetched
TER: 30 bars fetched
TGT: 30 bars fetched
TJX: 30 bars fetched
TMO: 30 bars fetched
TMUS: 30 bars fetched
TPR: 30 bars fetched
TRGP: 30 bars fetched
TRMB: 30 bars fetched
TROW: 30 bars fetched
TRV: 30 bars fetched
TSCO: 30 bars fetched
TSN: 30 bars fetched
TT: 30 bars fetched
TXN: 30 bars fetched
TXT: 30 bars fetched
UAL: 30 bars fetched
UBER: 30 bars fetched
UHS: 30 bars fetched
ULTA: 30 bars fetched
UNH: 30 bars fetched
UNP: 30 bars fetched
UPS: 30 bars fetched
URI: 30 bars fetched
USB: 30 bars fetched
V: 30 bars fetched
VICI: 30 bars fetched
VLTO: 30 bars fetched
VMC: 30 bars fetched
VRSN: 30 bars fetched
VST: 30 bars fetched
VZ: 30 bars fetched
WAB: 30 bars fetched
WAT: 30 bars fetched
WDC: 30 bars fetched
WEC: 30 bars fetched
WFC: 30 bars fetched
WM: 30 bars fetched
WMB: 30 bars fetched
WRB: 30 bars fetched
WSM: 30 bars fetched
WST: 30 bars fetched
WYNN: 30 bars fetched
XEL: 30 bars fetched
XOM: 30 bars fetched
XYL: 30 bars fetched
YUM: 30 bars fetched
ZBH: 30 bars fetched
ZBRA: 30 bars fetched
ZTS: 30 bars fetched
Bought 4 shares of LYB at 58.395 on 2025-06-24
Bought 8 shares of PFE at 24.31 on 2025-06-24
Bought 1 shares of UPS at 100.63 on 2025-06-24
Bought 17 shares of AES at 10.465 on 2025-06-24
Bought 2 shares of BBY at 68.85 on 2025-06-24
A: 30 bars fetched
AAPL: 30 bars fetched
ABNB: 30 bars fetched
ABT: 30 bars fetched
ACGL: 30 bars fetched
ACN: 30 bars fetched
ADBE: 30 bars fetched
ADM: 30 bars fetched
ADP: 30 bars fetched
AEE: 30 bars fetched
AEP: 30 bars fetched
AES: 30 bars fetched
AFL: 30 bars fetched
AIG: 30 bars fetched
AIZ: 30 bars fetched
AKAM: 30 bars fetched
ALGN: 30 bars fetched
ALL: 30 bars fetched
ALLE: 30 bars fetched
AMAT: 30 bars fetched
AMCR: 30 bars fetched
AME: 30 bars fetched
AMGN: 30 bars fetched
AMP: 30 bars fetched
AMT: 30 bars fetched
AMZN: 30 bars fetched
AON: 30 bars fetched
AOS: 30 bars fetched
APA: 30 bars fetched
APO: 30 bars fetched
APTV: 30 bars fetched
ATO: 30 bars fetched
AVB: 30 bars fetched
AVY: 30 bars fetched
AWK: 30 bars fetched
AXP: 30 bars fetched
AZO: 30 bars fetched
BAC: 30 bars fetched
BALL: 30 bars fetched
BBY: 30 bars fetched
BDX: 30 bars fetched
BEN: 30 bars fetched
BG: 30 bars fetched
BIIB: 30 bars fetched
BK: 30 bars fetched
BKNG: 30 bars fetched
BKR: 30 bars fetched
BLDR: 30 bars fetched
BLK: 30 bars fetched
BMY: 30 bars fetched
BR: 30 bars fetched
BRO: 30 bars fetched
C: 30 bars fetched
CAG: 30 bars fetched
CAH: 30 bars fetched
CAT: 30 bars fetched
CB: 30 bars fetched
CBOE: 30 bars fetched
CCL: 30 bars fetched
CDW: 30 bars fetched
CEG: 30 bars fetched
CF: 30 bars fetched
CFG: 30 bars fetched
CHRW: 30 bars fetched
CHTR: 30 bars fetched
CI: 30 bars fetched
CINF: 30 bars fetched
CL: 30 bars fetched
CLX: 30 bars fetched
CMCSA: 30 bars fetched
CME: 30 bars fetched
CMI: 30 bars fetched
CMS: 30 bars fetched
CNC: 30 bars fetched
CNP: 30 bars fetched
COF: 30 bars fetched
COO: 30 bars fetched
COP: 30 bars fetched
COR: 30 bars fetched
CPAY: 30 bars fetched
CPB: 30 bars fetched
CPRT: 30 bars fetched
CSCO: 30 bars fetched
CSX: 30 bars fetched
CTRA: 30 bars fetched
CTSH: 30 bars fetched
CVS: 30 bars fetched
CVX: 30 bars fetched
D: 30 bars fetched
DAL: 30 bars fetched
DE: 30 bars fetched
DECK: 30 bars fetched
DELL: 30 bars fetched
DG: 30 bars fetched
DGX: 30 bars fetched
DHI: 30 bars fetched
DHR: 30 bars fetched
DIS: 30 bars fetched
DLTR: 30 bars fetched
DOV: 30 bars fetched
DPZ: 30 bars fetched
DRI: 30 bars fetched
DTE: 30 bars fetched
DUK: 30 bars fetched
DVA: 30 bars fetched
DVN: 30 bars fetched
EA: 30 bars fetched
EBAY: 30 bars fetched
ECL: 30 bars fetched
ED: 30 bars fetched
EG: 30 bars fetched
EIX: 30 bars fetched
ELV: 30 bars fetched
EMN: 30 bars fetched
EMR: 30 bars fetched
ENPH: 30 bars fetched
EOG: 30 bars fetched
EPAM: 30 bars fetched
EQR: 30 bars fetched
ERIE: 30 bars fetched
ES: 30 bars fetched
ESS: 30 bars fetched
ETN: 30 bars fetched
ETR: 30 bars fetched
EVRG: 30 bars fetched
EW: 30 bars fetched
EXC: 30 bars fetched
EXPD: 30 bars fetched
EXPE: 30 bars fetched
EXR: 30 bars fetched
F: 30 bars fetched
FANG: 30 bars fetched
FCX: 30 bars fetched
FDS: 30 bars fetched
FDX: 30 bars fetched
FE: 30 bars fetched
FFIV: 30 bars fetched
FI: 30 bars fetched
FITB: 30 bars fetched
FOX: 30 bars fetched
FOXA: 30 bars fetched
FRT: 30 bars fetched
FSLR: 30 bars fetched
FTV: 30 bars fetched
GD: 30 bars fetched
GDDY: 30 bars fetched
GE: 30 bars fetched
GEHC: 30 bars fetched
GEN: 30 bars fetched
GILD: 30 bars fetched
GIS: 30 bars fetched
GL: 30 bars fetched
GM: 30 bars fetched
GNRC: 30 bars fetched
GOOG: 30 bars fetched
GOOGL: 30 bars fetched
GPC: 30 bars fetched
GPN: 30 bars fetched
GRMN: 30 bars fetched
GS: 30 bars fetched
GWW: 30 bars fetched
HAL: 30 bars fetched
HAS: 30 bars fetched
HBAN: 30 bars fetched
HCA: 30 bars fetched
HD: 30 bars fetched
HES: 30 bars fetched
HIG: 30 bars fetched
HII: 30 bars fetched
HOLX: 30 bars fetched
HON: 30 bars fetched
HPE: 30 bars fetched
HPQ: 30 bars fetched
HRL: 30 bars fetched
HSIC: 30 bars fetched
HST: 30 bars fetched
HSY: 30 bars fetched
HUBB: 30 bars fetched
HUM: 30 bars fetched
ICE: 30 bars fetched
IEX: 30 bars fetched
IP: 30 bars fetched
IPG: 30 bars fetched
IQV: 30 bars fetched
IT: 30 bars fetched
ITW: 30 bars fetched
IVZ: 30 bars fetched
JBHT: 30 bars fetched
JCI: 30 bars fetched
JKHY: 30 bars fetched
JNJ: 30 bars fetched
JNPR: 30 bars fetched
JPM: 30 bars fetched
K: 30 bars fetched
KDP: 30 bars fetched
KEYS: 30 bars fetched
KHC: 30 bars fetched
KIM: 30 bars fetched
KLAC: 30 bars fetched
KMB: 30 bars fetched
KMI: 30 bars fetched
KMX: 30 bars fetched
KO: 30 bars fetched
KR: 30 bars fetched
KVUE: 30 bars fetched
L: 30 bars fetched
LDOS: 30 bars fetched
LEN: 30 bars fetched
LH: 30 bars fetched
LHX: 30 bars fetched
LII: 30 bars fetched
LIN: 30 bars fetched
LKQ: 30 bars fetched
LMT: 30 bars fetched
LNT: 30 bars fetched
LOW: 30 bars fetched
LRCX: 30 bars fetched
LULU: 30 bars fetched
LUV: 30 bars fetched
LVS: 30 bars fetched
LW: 30 bars fetched
LYB: 30 bars fetched
MA: 30 bars fetched
MAA: 30 bars fetched
MAR: 30 bars fetched
MAS: 30 bars fetched
MCD: 30 bars fetched
MCK: 30 bars fetched
MDLZ: 30 bars fetched
MDT: 30 bars fetched
MET: 30 bars fetched
META: 30 bars fetched
MGM: 30 bars fetched
MHK: 30 bars fetched
MKC: 30 bars fetched
MKTX: 30 bars fetched
MLM: 30 bars fetched
MMC: 30 bars fetched
MMM: 30 bars fetched
MO: 30 bars fetched
MOH: 30 bars fetched
MOS: 30 bars fetched
MPC: 30 bars fetched
MPWR: 30 bars fetched
MRK: 30 bars fetched
MS: 30 bars fetched
MSCI: 30 bars fetched
MSFT: 30 bars fetched
MSI: 30 bars fetched
MTB: 30 bars fetched
MTCH: 30 bars fetched
MTD: 30 bars fetched
MU: 30 bars fetched
NCLH: 30 bars fetched
NDAQ: 30 bars fetched
NDSN: 30 bars fetched
NEE: 30 bars fetched
NEM: 30 bars fetched
NI: 30 bars fetched
NKE: 30 bars fetched
NOC: 30 bars fetched
NRG: 30 bars fetched
NSC: 30 bars fetched
NTAP: 30 bars fetched
NTRS: 30 bars fetched
NUE: 30 bars fetched
NVR: 30 bars fetched
NWSA: 30 bars fetched
NXPI: 30 bars fetched
ODFL: 30 bars fetched
OKE: 30 bars fetched
OMC: 30 bars fetched
ON: 30 bars fetched
ORLY: 30 bars fetched
OTIS: 30 bars fetched
OXY: 30 bars fetched
PAYC: 30 bars fetched
PAYX: 30 bars fetched
PCAR: 30 bars fetched
PCG: 30 bars fetched
PEG: 30 bars fetched
PEP: 30 bars fetched
PFE: 30 bars fetched
PFG: 30 bars fetched
PG: 30 bars fetched
PGR: 30 bars fetched
PH: 30 bars fetched
PHM: 30 bars fetched
PKG: 30 bars fetched
PLD: 30 bars fetched
PM: 30 bars fetched
PNC: 30 bars fetched
PNR: 30 bars fetched
PNW: 30 bars fetched
POOL: 30 bars fetched
PPG: 30 bars fetched
PPL: 30 bars fetched
PRU: 30 bars fetched
PSA: 30 bars fetched
PSX: 30 bars fetched
PYPL: 30 bars fetched
QCOM: 30 bars fetched
RCL: 30 bars fetched
REG: 30 bars fetched
REGN: 30 bars fetched
RF: 30 bars fetched
RJF: 30 bars fetched
RL: 30 bars fetched
RMD: 30 bars fetched
ROST: 30 bars fetched
RSG: 30 bars fetched
RVTY: 30 bars fetched
SBAC: 30 bars fetched
SBUX: 30 bars fetched
SCHW: 30 bars fetched
SHW: 30 bars fetched
SLB: 30 bars fetched
SMCI: 30 bars fetched
SNA: 30 bars fetched
SO: 30 bars fetched
SOLV: 30 bars fetched
SPG: 30 bars fetched
SRE: 30 bars fetched
STE: 30 bars fetched
STLD: 30 bars fetched
STT: 30 bars fetched
STX: 30 bars fetched
SWK: 30 bars fetched
SWKS: 30 bars fetched
SYF: 30 bars fetched
SYY: 30 bars fetched
T: 30 bars fetched
TAP: 30 bars fetched
TDY: 30 bars fetched
TEL: 30 bars fetched
TER: 30 bars fetched
TGT: 30 bars fetched
TJX: 30 bars fetched
TMO: 30 bars fetched
TMUS: 30 bars fetched
TPR: 30 bars fetched
TRGP: 30 bars fetched
TRMB: 30 bars fetched
TROW: 30 bars fetched
TRV: 30 bars fetched
TSCO: 30 bars fetched
TSN: 30 bars fetched
TT: 30 bars fetched
TXN: 30 bars fetched
TXT: 30 bars fetched
UAL: 30 bars fetched
UBER: 30 bars fetched
UHS: 30 bars fetched
ULTA: 30 bars fetched
UNH: 30 bars fetched
UNP: 30 bars fetched
UPS: 30 bars fetched
URI: 30 bars fetched
USB: 30 bars fetched
V: 30 bars fetched
VICI: 30 bars fetched
VLTO: 30 bars fetched
VMC: 30 bars fetched
VRSN: 30 bars fetched
VST: 30 bars fetched
VZ: 30 bars fetched
WAB: 30 bars fetched
WAT: 30 bars fetched
WDC: 30 bars fetched
WEC: 30 bars fetched
WFC: 30 bars fetched
WM: 30 bars fetched
WMB: 30 bars fetched
WRB: 30 bars fetched
WSM: 30 bars fetched
WST: 30 bars fetched
WYNN: 30 bars fetched
XEL: 30 bars fetched
XOM: 30 bars fetched
XYL: 30 bars fetched
YUM: 30 bars fetched
ZBH: 30 bars fetched
ZBRA: 30 bars fetched
ZTS: 30 bars fetched
A: 30 bars fetched
AAPL: 30 bars fetched
ABNB: 30 bars fetched
ABT: 30 bars fetched
ACGL: 30 bars fetched
ACN: 30 bars fetched
ADBE: 30 bars fetched
ADM: 30 bars fetched
ADP: 30 bars fetched
AEE: 30 bars fetched
AEP: 30 bars fetched
AES: 30 bars fetched
AFL: 30 bars fetched
AIG: 30 bars fetched
AIZ: 30 bars fetched
AKAM: 30 bars fetched
ALGN: 30 bars fetched
ALL: 30 bars fetched
ALLE: 30 bars fetched
AMAT: 30 bars fetched
AMCR: 30 bars fetched
AME: 30 bars fetched
AMGN: 30 bars fetched
AMP: 30 bars fetched
AMT: 30 bars fetched
AMZN: 30 bars fetched
AON: 30 bars fetched
AOS: 30 bars fetched
APA: 30 bars fetched
APO: 30 bars fetched
APTV: 30 bars fetched
ATO: 30 bars fetched
AVB: 30 bars fetched
AVY: 30 bars fetched
AWK: 30 bars fetched
AXP: 30 bars fetched
AZO: 30 bars fetched
BAC: 30 bars fetched
BALL: 30 bars fetched
BBY: 30 bars fetched
BDX: 30 bars fetched
BEN: 30 bars fetched
BG: 30 bars fetched
BIIB: 30 bars fetched
BK: 30 bars fetched
BKNG: 30 bars fetched
BKR: 30 bars fetched
BLDR: 30 bars fetched
BLK: 30 bars fetched
BMY: 30 bars fetched
BR: 30 bars fetched
BRO: 30 bars fetched
C: 30 bars fetched
CAG: 30 bars fetched
CAH: 30 bars fetched
CAT: 30 bars fetched
CB: 30 bars fetched
CBOE: 30 bars fetched
CCL: 30 bars fetched
CDW: 30 bars fetched
CEG: 30 bars fetched
CF: 30 bars fetched
CFG: 30 bars fetched
CHRW: 30 bars fetched
CHTR: 30 bars fetched
CI: 30 bars fetched
CINF: 30 bars fetched
CL: 30 bars fetched
CLX: 30 bars fetched
CMCSA: 30 bars fetched
CME: 30 bars fetched
CMI: 30 bars fetched
CMS: 30 bars fetched
CNC: 30 bars fetched
CNP: 30 bars fetched
COF: 30 bars fetched
COO: 30 bars fetched
COP: 30 bars fetched
COR: 30 bars fetched
CPAY: 30 bars fetched
CPB: 30 bars fetched
CPRT: 30 bars fetched
CSCO: 30 bars fetched
CSX: 30 bars fetched
CTRA: 30 bars fetched
CTSH: 30 bars fetched
CVS: 30 bars fetched
CVX: 30 bars fetched
D: 30 bars fetched
DAL: 30 bars fetched
DE: 30 bars fetched
DECK: 30 bars fetched
DELL: 30 bars fetched
DG: 30 bars fetched
DGX: 30 bars fetched
DHI: 30 bars fetched
DHR: 30 bars fetched
DIS: 30 bars fetched
DLTR: 30 bars fetched
DOV: 30 bars fetched
DPZ: 30 bars fetched
DRI: 30 bars fetched
DTE: 30 bars fetched
DUK: 30 bars fetched
DVA: 30 bars fetched
DVN: 30 bars fetched
EA: 30 bars fetched
EBAY: 30 bars fetched
ECL: 30 bars fetched
ED: 30 bars fetched
EG: 30 bars fetched
EIX: 30 bars fetched
ELV: 30 bars fetched
EMN: 30 bars fetched
EMR: 30 bars fetched
ENPH: 30 bars fetched
EOG: 30 bars fetched
EPAM: 30 bars fetched
EQR: 30 bars fetched
ERIE: 30 bars fetched
ES: 30 bars fetched
ESS: 30 bars fetched
ETN: 30 bars fetched
ETR: 30 bars fetched
EVRG: 30 bars fetched
EW: 30 bars fetched
EXC: 30 bars fetched
EXPD: 30 bars fetched
EXPE: 30 bars fetched
EXR: 30 bars fetched
F: 30 bars fetched
FANG: 30 bars fetched
FCX: 30 bars fetched
FDS: 30 bars fetched
FDX: 30 bars fetched
FE: 30 bars fetched
FFIV: 30 bars fetched
FI: 30 bars fetched
FITB: 30 bars fetched
FOX: 30 bars fetched
FOXA: 30 bars fetched
FRT: 30 bars fetched
FSLR: 30 bars fetched
FTV: 30 bars fetched
GD: 30 bars fetched
GDDY: 30 bars fetched
GE: 30 bars fetched
GEHC: 30 bars fetched
GEN: 30 bars fetched
GILD: 30 bars fetched
GIS: 30 bars fetched
GL: 30 bars fetched
GM: 30 bars fetched
GNRC: 30 bars fetched
GOOG: 30 bars fetched
GOOGL: 30 bars fetched
GPC: 30 bars fetched
GPN: 30 bars fetched
GRMN: 30 bars fetched
GS: 30 bars fetched
GWW: 30 bars fetched
HAL: 30 bars fetched
HAS: 30 bars fetched
HBAN: 30 bars fetched
HCA: 30 bars fetched
HD: 30 bars fetched
HES: 30 bars fetched
HIG: 30 bars fetched
HII: 30 bars fetched
HOLX: 30 bars fetched
HON: 30 bars fetched
HPE: 30 bars fetched
HPQ: 30 bars fetched
HRL: 30 bars fetched
HSIC: 30 bars fetched
HST: 30 bars fetched
HSY: 30 bars fetched
HUBB: 30 bars fetched
HUM: 30 bars fetched
ICE: 30 bars fetched
IEX: 30 bars fetched
IP: 30 bars fetched
IPG: 30 bars fetched
IQV: 30 bars fetched
IT: 30 bars fetched
ITW: 30 bars fetched
IVZ: 30 bars fetched
JBHT: 30 bars fetched
JCI: 30 bars fetched
JKHY: 30 bars fetched
JNJ: 30 bars fetched
JNPR: 30 bars fetched
JPM: 30 bars fetched
K: 30 bars fetched
KDP: 30 bars fetched
KEYS: 30 bars fetched
KHC: 30 bars fetched
KIM: 30 bars fetched
KLAC: 30 bars fetched
KMB: 30 bars fetched
KMI: 30 bars fetched
KMX: 30 bars fetched
KO: 30 bars fetched
KR: 30 bars fetched
KVUE: 30 bars fetched
L: 30 bars fetched
LDOS: 30 bars fetched
LEN: 30 bars fetched
LH: 30 bars fetched
LHX: 30 bars fetched
LII: 30 bars fetched
LIN: 30 bars fetched
LKQ: 30 bars fetched
LMT: 30 bars fetched
LNT: 30 bars fetched
LOW: 30 bars fetched
LRCX: 30 bars fetched
LULU: 30 bars fetched
LUV: 30 bars fetched
LVS: 30 bars fetched
LW: 30 bars fetched
LYB: 30 bars fetched
MA: 30 bars fetched
MAA: 30 bars fetched
MAR: 30 bars fetched
MAS: 30 bars fetched
MCD: 30 bars fetched
MCK: 30 bars fetched
MDLZ: 30 bars fetched
MDT: 30 bars fetched
MET: 30 bars fetched
META: 30 bars fetched
MGM: 30 bars fetched
MHK: 30 bars fetched
MKC: 30 bars fetched
MKTX: 30 bars fetched
MLM: 30 bars fetched
MMC: 30 bars fetched
MMM: 30 bars fetched
MO: 30 bars fetched
MOH: 30 bars fetched
MOS: 30 bars fetched
MPC: 30 bars fetched
MPWR: 30 bars fetched
MRK: 30 bars fetched
MS: 30 bars fetched
MSCI: 30 bars fetched
MSFT: 30 bars fetched
MSI: 30 bars fetched
MTB: 30 bars fetched
MTCH: 30 bars fetched
MTD: 30 bars fetched
MU: 30 bars fetched
NCLH: 30 bars fetched
NDAQ: 30 bars fetched
NDSN: 30 bars fetched
NEE: 30 bars fetched
NEM: 30 bars fetched
NI: 30 bars fetched
NKE: 30 bars fetched
NOC: 30 bars fetched
NRG: 30 bars fetched
NSC: 30 bars fetched
NTAP: 30 bars fetched
NTRS: 30 bars fetched
NUE: 30 bars fetched
NVR: 30 bars fetched
NWSA: 30 bars fetched
NXPI: 30 bars fetched
ODFL: 30 bars fetched
OKE: 30 bars fetched
OMC: 30 bars fetched
ON: 30 bars fetched
ORLY: 30 bars fetched
OTIS: 30 bars fetched
OXY: 30 bars fetched
PAYC: 30 bars fetched
PAYX: 30 bars fetched
PCAR: 30 bars fetched
PCG: 30 bars fetched
PEG: 30 bars fetched
PEP: 30 bars fetched
PFE: 30 bars fetched
PFG: 30 bars fetched
PG: 30 bars fetched
PGR: 30 bars fetched
PH: 30 bars fetched
PHM: 30 bars fetched
PKG: 30 bars fetched
PLD: 30 bars fetched
PM: 30 bars fetched
PNC: 30 bars fetched
PNR: 30 bars fetched
PNW: 30 bars fetched
POOL: 30 bars fetched
PPG: 30 bars fetched
PPL: 30 bars fetched
PRU: 30 bars fetched
PSA: 30 bars fetched
PSX: 30 bars fetched
PYPL: 30 bars fetched
QCOM: 30 bars fetched
RCL: 30 bars fetched
REG: 30 bars fetched
REGN: 30 bars fetched
RF: 30 bars fetched
RJF: 30 bars fetched
RL: 30 bars fetched
RMD: 30 bars fetched
ROST: 30 bars fetched
RSG: 30 bars fetched
RVTY: 30 bars fetched
SBAC: 30 bars fetched
SBUX: 30 bars fetched
SCHW: 30 bars fetched
SHW: 30 bars fetched
SLB: 30 bars fetched
SMCI: 30 bars fetched
SNA: 30 bars fetched
SO: 30 bars fetched
SOLV: 30 bars fetched
SPG: 30 bars fetched
SRE: 30 bars fetched
STE: 30 bars fetched
STLD: 30 bars fetched
STT: 30 bars fetched
STX: 30 bars fetched
SWK: 30 bars fetched
SWKS: 30 bars fetched
SYF: 30 bars fetched
SYY: 30 bars fetched
T: 30 bars fetched
TAP: 30 bars fetched
TDY: 30 bars fetched
TEL: 30 bars fetched
TER: 30 bars fetched
TGT: 30 bars fetched
TJX: 30 bars fetched
TMO: 30 bars fetched
TMUS: 30 bars fetched
TPR: 30 bars fetched
TRGP: 30 bars fetched
TRMB: 30 bars fetched
TROW: 30 bars fetched
TRV: 30 bars fetched
TSCO: 30 bars fetched
TSN: 30 bars fetched
TT: 30 bars fetched
TXN: 30 bars fetched
TXT: 30 bars fetched
UAL: 30 bars fetched
UBER: 30 bars fetched
UHS: 30 bars fetched
ULTA: 30 bars fetched
UNH: 30 bars fetched
UNP: 30 bars fetched
UPS: 30 bars fetched
URI: 30 bars fetched
USB: 30 bars fetched
V: 30 bars fetched
VICI: 30 bars fetched
VLTO: 30 bars fetched
VMC: 30 bars fetched
VRSN: 30 bars fetched
VST: 30 bars fetched
VZ: 30 bars fetched
WAB: 30 bars fetched
WAT: 30 bars fetched
WDC: 30 bars fetched
WEC: 30 bars fetched
WFC: 30 bars fetched
WM: 30 bars fetched
WMB: 30 bars fetched
WRB: 30 bars fetched
WSM: 30 bars fetched
WST: 30 bars fetched
WYNN: 30 bars fetched
XEL: 30 bars fetched
XOM: 30 bars fetched
XYL: 30 bars fetched
YUM: 30 bars fetched
ZBH: 30 bars fetched
ZBRA: 30 bars fetched
ZTS: 30 bars fetched
A: 30 bars fetched
AAPL: 30 bars fetched
ABNB: 30 bars fetched
ABT: 30 bars fetched
ACGL: 30 bars fetched
ACN: 30 bars fetcheded
APTV: 30 bars fetched
ATO: 30 bars fetched
AVB: 30 bars fetched
AVY: 30 bars fetched
AWK: 30 bars fetched
AXP: 30 bars fetched
AZO: 30 bars fetched
BAC: 30 bars fetched
BALL: 30 bars fetched
BBY: 30 bars fetched
BDX: 30 bars fetched
BEN: 30 bars fetched
BG: 30 bars fetched
BIIB: 30 bars fetched
BK: 30 bars fetched
BKNG: 30 bars fetched
BKR: 30 bars fetched
BLDR: 30 bars fetched
BLK: 30 bars fetched
BMY: 30 bars fetched
BR: 30 bars fetched
BRO: 30 bars fetched
C: 30 bars fetched
CAG: 30 bars fetched
CAH: 30 bars fetched
CAT: 30 bars fetched
CB: 30 bars fetched
CBOE: 30 bars fetched
CCL: 30 bars fetched
CDW: 30 bars fetched
CEG: 30 bars fetched
CF: 30 bars fetched
CFG: 30 bars fetched
CHRW: 30 bars fetched
CHTR: 30 bars fetched
CI: 30 bars fetched
CINF: 30 bars fetched
CL: 30 bars fetched
CLX: 30 bars fetched
CMCSA: 30 bars fetched
CME: 30 bars fetched
CMI: 30 bars fetched
CMS: 30 bars fetched
CNC: 30 bars fetched
CNP: 30 bars fetched
COF: 30 bars fetched
COO: 30 bars fetched
COP: 30 bars fetched
COR: 30 bars fetched
CPAY: 30 bars fetched
CPB: 30 bars fetched
CPRT: 30 bars fetched
CSCO: 30 bars fetched
CSX: 30 bars fetched
CTRA: 30 bars fetched
CTSH: 30 bars fetched
CVS: 30 bars fetched
CVX: 30 bars fetched
D: 30 bars fetched
DAL: 30 bars fetched
DE: 30 bars fetched
DECK: 30 bars fetched
DELL: 30 bars fetched
DG: 30 bars fetched
DGX: 30 bars fetched
DHI: 30 bars fetched
DHR: 30 bars fetched
DIS: 30 bars fetched
DLTR: 30 bars fetched
DOV: 30 bars fetched
DPZ: 30 bars fetched
DRI: 30 bars fetched
DTE: 30 bars fetched
DUK: 30 bars fetched
DVA: 30 bars fetched
DVN: 30 bars fetched
EA: 30 bars fetched
EBAY: 30 bars fetched
ECL: 30 bars fetched
ED: 30 bars fetched
EG: 30 bars fetched
EIX: 30 bars fetched
ELV: 30 bars fetched
EMN: 30 bars fetched
EMR: 30 bars fetched
ENPH: 30 bars fetched
EOG: 30 bars fetched
EPAM: 30 bars fetched
EQR: 30 bars fetched
ERIE: 30 bars fetched
ES: 30 bars fetched
ESS: 30 bars fetched
ETN: 30 bars fetched
ETR: 30 bars fetched
EVRG: 30 bars fetched
EW: 30 bars fetched
EXC: 30 bars fetched
EXPD: 30 bars fetched
EXPE: 30 bars fetched
EXR: 30 bars fetched
F: 30 bars fetched
FANG: 30 bars fetched
FCX: 30 bars fetched
FDS: 30 bars fetched
FDX: 30 bars fetched
FE: 30 bars fetched
FFIV: 30 bars fetched
FI: 30 bars fetched
FITB: 30 bars fetched
FOX: 30 bars fetched
FOXA: 30 bars fetched
FRT: 30 bars fetched
FSLR: 30 bars fetched
FTV: 30 bars fetched
GD: 30 bars fetched
GDDY: 30 bars fetched
GE: 30 bars fetched
GEHC: 30 bars fetched
GEN: 30 bars fetched
GILD: 30 bars fetched
GIS: 30 bars fetched
GL: 30 bars fetched
GM: 30 bars fetched
GNRC: 30 bars fetched
GOOG: 30 bars fetched
GOOGL: 30 bars fetched
GPC: 30 bars fetched
GPN: 30 bars fetched
GRMN: 30 bars fetched
GS: 30 bars fetched
GWW: 30 bars fetched
HAL: 30 bars fetched
HAS: 30 bars fetched
HBAN: 30 bars fetched
HCA: 30 bars fetched
HD: 30 bars fetched
HES: 30 bars fetched
HIG: 30 bars fetched
HII: 30 bars fetched
HOLX: 30 bars fetched
HON: 30 bars fetched
HPE: 30 bars fetched
HPQ: 30 bars fetched
HRL: 30 bars fetched
HSIC: 30 bars fetched
HST: 30 bars fetched
HSY: 30 bars fetched
HUBB: 30 bars fetched
HUM: 30 bars fetched
ICE: 30 bars fetched
IEX: 30 bars fetched
IP: 30 bars fetched
IPG: 30 bars fetched
IQV: 30 bars fetched
IT: 30 bars fetched
ITW: 30 bars fetched
IVZ: 30 bars fetched
JBHT: 30 bars fetched
JCI: 30 bars fetched
JKHY: 30 bars fetched
JNJ: 30 bars fetched
JNPR: 30 bars fetched
JPM: 30 bars fetched
K: 30 bars fetched
KDP: 30 bars fetched
KEYS: 30 bars fetched
KHC: 30 bars fetched
KIM: 30 bars fetched
KLAC: 30 bars fetched
KMB: 30 bars fetched
KMI: 30 bars fetched
KMX: 30 bars fetched
KO: 30 bars fetched
KR: 30 bars fetched
KVUE: 30 bars fetched
L: 30 bars fetched
LDOS: 30 bars fetched
LEN: 30 bars fetched
LH: 30 bars fetched
LHX: 30 bars fetched
LII: 30 bars fetched
LIN: 30 bars fetched
LKQ: 30 bars fetched
LMT: 30 bars fetched
LNT: 30 bars fetched
LOW: 30 bars fetched
LRCX: 30 bars fetched
LULU: 30 bars fetched
LUV: 30 bars fetched
LVS: 30 bars fetched
LW: 30 bars fetched
LYB: 30 bars fetched
MA: 30 bars fetched
MAA: 30 bars fetched
MAR: 30 bars fetched
MAS: 30 bars fetched
MCD: 30 bars fetched
MCK: 30 bars fetched
MDLZ: 30 bars fetched
MDT: 30 bars fetched
MET: 30 bars fetched
META: 30 bars fetched
MGM: 30 bars fetched
MHK: 30 bars fetched
MKC: 30 bars fetched
MKTX: 30 bars fetched
MLM: 30 bars fetched
MMC: 30 bars fetched
MMM: 30 bars fetched
MO: 30 bars fetched
MOH: 30 bars fetched
MOS: 30 bars fetched
MPC: 30 bars fetched
MPWR: 30 bars fetched
MRK: 30 bars fetched
MS: 30 bars fetched
MSCI: 30 bars fetched
MSFT: 30 bars fetched
MSI: 30 bars fetched
MTB: 30 bars fetched
MTCH: 30 bars fetched
MTD: 30 bars fetched
MU: 30 bars fetched
NCLH: 30 bars fetched
NDAQ: 30 bars fetched
NDSN: 30 bars fetched
NEE: 30 bars fetched
NEM: 30 bars fetched
NI: 30 bars fetched
NKE: 30 bars fetched
NOC: 30 bars fetched
NRG: 30 bars fetched
NSC: 30 bars fetched
NTAP: 30 bars fetched
NTRS: 30 bars fetched
NUE: 30 bars fetched
NVR: 30 bars fetched
NWSA: 30 bars fetched
NXPI: 30 bars fetched
ODFL: 30 bars fetched
OKE: 30 bars fetched
OMC: 30 bars fetched
ON: 30 bars fetched
ORLY: 30 bars fetched
OTIS: 30 bars fetched
OXY: 30 bars fetched
PAYC: 30 bars fetched
PAYX: 30 bars fetched
PCAR: 30 bars fetched
PCG: 30 bars fetched
PEG: 30 bars fetched
PEP: 30 bars fetched
PFE: 30 bars fetched
PFG: 30 bars fetched
PG: 30 bars fetched
PGR: 30 bars fetched
PH: 30 bars fetched
PHM: 30 bars fetched
PKG: 30 bars fetched
PLD: 30 bars fetched
PM: 30 bars fetched
PNC: 30 bars fetched
PNR: 30 bars fetched
PNW: 30 bars fetched
POOL: 30 bars fetched
PPG: 30 bars fetched
PPL: 30 bars fetched
PRU: 30 bars fetched
PSA: 30 bars fetched
PSX: 30 bars fetched
PYPL: 30 bars fetched
QCOM: 30 bars fetched
RCL: 30 bars fetched
REG: 30 bars fetched
REGN: 30 bars fetched
RF: 30 bars fetched
RJF: 30 bars fetched
RL: 30 bars fetched
RMD: 30 bars fetched
ROST: 30 bars fetched
RSG: 30 bars fetched
RVTY: 30 bars fetched
SBAC: 30 bars fetched
SBUX: 30 bars fetched
SCHW: 30 bars fetched
SHW: 30 bars fetched
SLB: 30 bars fetched
SMCI: 30 bars fetched
SNA: 30 bars fetched
SO: 30 bars fetched
SOLV: 30 bars fetched
SPG: 30 bars fetched
SRE: 30 bars fetched
STE: 30 bars fetched
STLD: 30 bars fetched
STT: 30 bars fetched
STX: 30 bars fetched
SWK: 30 bars fetched
SWKS: 30 bars fetched
SYF: 30 bars fetched
SYY: 30 bars fetched
T: 30 bars fetched
TAP: 30 bars fetched
TDY: 30 bars fetched
TEL: 30 bars fetched
TER: 30 bars fetched
TGT: 30 bars fetched
TJX: 30 bars fetched
TMO: 30 bars fetched
TMUS: 30 bars fetched
TPR: 30 bars fetched
TRGP: 30 bars fetched
TRMB: 30 bars fetched
TROW: 30 bars fetched
TRV: 30 bars fetched
TSCO: 30 bars fetched
TSN: 30 bars fetched
TT: 30 bars fetched
TXN: 30 bars fetched
TXT: 30 bars fetched
UAL: 30 bars fetched
UBER: 30 bars fetched
UHS: 30 bars fetched
ULTA: 30 bars fetched
UNH: 30 bars fetched
UNP: 30 bars fetched
UPS: 30 bars fetched
URI: 30 bars fetched
USB: 30 bars fetched
V: 30 bars fetched
VICI: 30 bars fetched
VLTO: 30 bars fetched
VMC: 30 bars fetched
VRSN: 30 bars fetched
VST: 30 bars fetched
VZ: 30 bars fetched
WAB: 30 bars fetched
WAT: 30 bars fetched
WDC: 30 bars fetched
WEC: 30 bars fetched
WFC: 30 bars fetched
WM: 30 bars fetched
WMB: 30 bars fetched
WRB: 30 bars fetched
WSM: 30 bars fetched
WST: 30 bars fetched
WYNN: 30 bars fetched
XEL: 30 bars fetched
XOM: 30 bars fetched
XYL: 30 bars fetched
YUM: 30 bars fetched
ZBH: 30 bars fetched
ZBRA: 30 bars fetched
ZTS: 30 bars fetched
A: 30 bars fetched
AAPL: 30 bars fetched
ABNB: 30 bars fetched
ABT: 30 bars fetched
ACGL: 30 bars fetched
ACN: 30 bars fetched
ADBE: 30 bars fetched
ADM: 30 bars fetched
ADP: 30 bars fetched
AEE: 30 bars fetched
AEP: 30 bars fetched
AES: 30 bars fetched
AFL: 30 bars fetched
AIG: 30 bars fetched
AIZ: 30 bars fetched
AKAM: 30 bars fetched
ALGN: 30 bars fetched
ALL: 30 bars fetched
ALLE: 30 bars fetched
AMAT: 30 bars fetched
AMCR: 30 bars fetched
AME: 30 bars fetched
AMGN: 30 bars fetched
AMP: 30 bars fetched
AMT: 30 bars fetched
AMZN: 30 bars fetched
AON: 30 bars fetched
AOS: 30 bars fetched
APA: 30 bars fetched
APO: 30 bars fetched
APTV: 30 bars fetched
ATO: 30 bars fetched
AVB: 30 bars fetched
AVY: 30 bars fetched
AWK: 30 bars fetched
AXP: 30 bars fetched
AZO: 30 bars fetched
BAC: 30 bars fetched
BALL: 30 bars fetched
BBY: 30 bars fetched
BDX: 30 bars fetched
BEN: 30 bars fetched
BG: 30 bars fetched
BIIB: 30 bars fetched
BK: 30 bars fetched
BKNG: 30 bars fetched
BKR: 30 bars fetched
BLDR: 30 bars fetched
BLK: 30 bars fetched
BMY: 30 bars fetched
BR: 30 bars fetched
BRO: 30 bars fetched
C: 30 bars fetched
CAG: 30 bars fetched
CAH: 30 bars fetched
CAT: 30 bars fetched
CB: 30 bars fetched
CBOE: 30 bars fetched
CCL: 30 bars fetched
CDW: 30 bars fetched
CEG: 30 bars fetched
CF: 30 bars fetched
CFG: 30 bars fetched
CHRW: 30 bars fetched
CHTR: 30 bars fetched
CI: 30 bars fetched
CINF: 30 bars fetched
CL: 30 bars fetched
CLX: 30 bars fetched
CMCSA: 30 bars fetched
CME: 30 bars fetched
CMI: 30 bars fetched
CMS: 30 bars fetched
CNC: 30 bars fetched
CNP: 30 bars fetched
COF: 30 bars fetched
COO: 30 bars fetched
COP: 30 bars fetched
COR: 30 bars fetched
CPAY: 30 bars fetched
CPB: 30 bars fetched
CPRT: 30 bars fetched
CSCO: 30 bars fetched
CSX: 30 bars fetched
CTRA: 30 bars fetched
CTSH: 30 bars fetched
CVS: 30 bars fetched
CVX: 30 bars fetched
D: 30 bars fetched
DAL: 30 bars fetched
DE: 30 bars fetched
DECK: 30 bars fetched
DELL: 30 bars fetched
DG: 30 bars fetched
DGX: 30 bars fetched
DHI: 30 bars fetched
DHR: 30 bars fetched
DIS: 30 bars fetched
DLTR: 30 bars fetched
DOV: 30 bars fetched
DPZ: 30 bars fetched
DRI: 30 bars fetched
DTE: 30 bars fetched
DUK: 30 bars fetched
DVA: 30 bars fetched
DVN: 30 bars fetched
EA: 30 bars fetched
EBAY: 30 bars fetched
ECL: 30 bars fetched
ED: 30 bars fetched
EG: 30 bars fetched
EIX: 30 bars fetched
ELV: 30 bars fetched
EMN: 30 bars fetched
EMR: 30 bars fetched
ENPH: 30 bars fetched
EOG: 30 bars fetched
EPAM: 30 bars fetched
EQR: 30 bars fetched
ERIE: 30 bars fetched
ES: 30 bars fetched
ESS: 30 bars fetched
ETN: 30 bars fetched
ETR: 30 bars fetched
EVRG: 30 bars fetched
EW: 30 bars fetched
EXC: 30 bars fetched
EXPD: 30 bars fetched
EXPE: 30 bars fetched
EXR: 30 bars fetched
F: 30 bars fetched
FANG: 30 bars fetched
FCX: 30 bars fetched
FDS: 30 bars fetched
FDX: 30 bars fetched
FE: 30 bars fetched
FFIV: 30 bars fetched
FI: 30 bars fetched
FITB: 30 bars fetched
FOX: 30 bars fetched
FOXA: 30 bars fetched
FRT: 30 bars fetched
FSLR: 30 bars fetched
FTV: 30 bars fetched
GD: 30 bars fetched
GDDY: 30 bars fetched
GE: 30 bars fetched
GEHC: 30 bars fetched
GEN: 30 bars fetched
GILD: 30 bars fetched
GIS: 30 bars fetched
GL: 30 bars fetched
GM: 30 bars fetched
GNRC: 30 bars fetched
GOOG: 30 bars fetched
GOOGL: 30 bars fetched
GPC: 30 bars fetched
GPN: 30 bars fetched
GRMN: 30 bars fetched
GS: 30 bars fetched
GWW: 30 bars fetched
HAL: 30 bars fetched
HAS: 30 bars fetched
HBAN: 30 bars fetched
HCA: 30 bars fetched
HD: 30 bars fetched
HES: 30 bars fetched
HIG: 30 bars fetched
HII: 30 bars fetched
HOLX: 30 bars fetched
HON: 30 bars fetched
HPE: 30 bars fetched
HPQ: 30 bars fetched
HRL: 30 bars fetched
HSIC: 30 bars fetched
HST: 30 bars fetched
HSY: 30 bars fetched
HUBB: 30 bars fetched
HUM: 30 bars fetched
ICE: 30 bars fetched
IEX: 30 bars fetched
IP: 30 bars fetched
IPG: 30 bars fetched
IQV: 30 bars fetched
IT: 30 bars fetched
ITW: 30 bars fetched
IVZ: 30 bars fetched
JBHT: 30 bars fetched
JCI: 30 bars fetched
JKHY: 30 bars fetched
JNJ: 30 bars fetched
JNPR: 30 bars fetched
JPM: 30 bars fetched
K: 30 bars fetched
KDP: 30 bars fetched
KEYS: 30 bars fetched
KHC: 30 bars fetched
KIM: 30 bars fetched
KLAC: 30 bars fetched
KMB: 30 bars fetched
KMI: 30 bars fetched
KMX: 30 bars fetched
KO: 30 bars fetched
KR: 30 bars fetched
KVUE: 30 bars fetched
L: 30 bars fetched
LDOS: 30 bars fetched
LEN: 30 bars fetched
LH: 30 bars fetched
LHX: 30 bars fetched
LII: 30 bars fetched
LIN: 30 bars fetched
LKQ: 30 bars fetched
LMT: 30 bars fetched
LNT: 30 bars fetched
LOW: 30 bars fetched
LRCX: 30 bars fetched
LULU: 30 bars fetched
LUV: 30 bars fetched
LVS: 30 bars fetched
LW: 30 bars fetched
LYB: 30 bars fetched
MA: 30 bars fetched
MAA: 30 bars fetched
MAR: 30 bars fetched
MAS: 30 bars fetched
MCD: 30 bars fetched
MCK: 30 bars fetched
MDLZ: 30 bars fetched
MDT: 30 bars fetched
MET: 30 bars fetched
META: 30 bars fetched
MGM: 30 bars fetched
MHK: 30 bars fetched
MKC: 30 bars fetched
MKTX: 30 bars fetched
MLM: 30 bars fetched
MMC: 30 bars fetched
MMM: 30 bars fetched
MO: 30 bars fetched
MOH: 30 bars fetched
MOS: 30 bars fetched
MPC: 30 bars fetched
MPWR: 30 bars fetched
MRK: 30 bars fetched
MS: 30 bars fetched
MSCI: 30 bars fetched
MSFT: 30 bars fetched
MSI: 30 bars fetched
MTB: 30 bars fetched
MTCH: 30 bars fetched
MTD: 30 bars fetched
MU: 30 bars fetched
NCLH: 30 bars fetched
NDAQ: 30 bars fetched
NDSN: 30 bars fetched
NEE: 30 bars fetched
NEM: 30 bars fetched
NI: 30 bars fetched
NKE: 30 bars fetched
NOC: 30 bars fetched
NRG: 30 bars fetched
NSC: 30 bars fetched
NTAP: 30 bars fetched
NTRS: 30 bars fetched
NUE: 30 bars fetched
NVR: 30 bars fetched
NWSA: 30 bars fetched
NXPI: 30 bars fetched
ODFL: 30 bars fetched
OKE: 30 bars fetched
OMC: 30 bars fetched
ON: 30 bars fetched
ORLY: 30 bars fetched
OTIS: 30 bars fetched
OXY: 30 bars fetched
PAYC: 30 bars fetched
PAYX: 30 bars fetched
PCAR: 30 bars fetched
PCG: 30 bars fetched
PEG: 30 bars fetched
PEP: 30 bars fetched
PFE: 30 bars fetched
PFG: 30 bars fetched
PG: 30 bars fetched
PGR: 30 bars fetched
PH: 30 bars fetched
PHM: 30 bars fetched
PKG: 30 bars fetched
PLD: 30 bars fetched
PM: 30 bars fetched
PNC: 30 bars fetched
PNR: 30 bars fetched
PNW: 30 bars fetched
POOL: 30 bars fetched
PPG: 30 bars fetched
PPL: 30 bars fetched
PRU: 30 bars fetched
PSA: 30 bars fetched
PSX: 30 bars fetched
PYPL: 30 bars fetched
QCOM: 30 bars fetched
RCL: 30 bars fetched
REG: 30 bars fetched
REGN: 30 bars fetched
RF: 30 bars fetched
RJF: 30 bars fetched
RL: 30 bars fetched
RMD: 30 bars fetched
ROST: 30 bars fetched
RSG: 30 bars fetched
RVTY: 30 bars fetched
SBAC: 30 bars fetched
SBUX: 30 bars fetched
SCHW: 30 bars fetched
SHW: 30 bars fetched
SLB: 30 bars fetched
SMCI: 30 bars fetched
SNA: 30 bars fetched
SO: 30 bars fetched
SOLV: 30 bars fetched
SPG: 30 bars fetched
SRE: 30 bars fetched
STE: 30 bars fetched
STLD: 30 bars fetched
STT: 30 bars fetched
STX: 30 bars fetched
SWK: 30 bars fetched
SWKS: 30 bars fetched
SYF: 30 bars fetched
SYY: 30 bars fetched
T: 30 bars fetched
TAP: 30 bars fetched
TDY: 30 bars fetched
TEL: 30 bars fetched
TER: 30 bars fetched
TGT: 30 bars fetched
TJX: 30 bars fetched
TMO: 30 bars fetched
TMUS: 30 bars fetched
TPR: 30 bars fetched
TRGP: 30 bars fetched
TRMB: 30 bars fetched
TROW: 30 bars fetched
TRV: 30 bars fetched
TSCO: 30 bars fetched
TSN: 30 bars fetched
TT: 30 bars fetched
TXN: 30 bars fetched
TXT: 30 bars fetched
UAL: 30 bars fetched
UBER: 30 bars fetched
UHS: 30 bars fetched
ULTA: 30 bars fetched
UNH: 30 bars fetched
UNP: 30 bars fetched
UPS: 30 bars fetched
URI: 30 bars fetched
USB: 30 bars fetched
V: 30 bars fetched
VICI: 30 bars fetched
VLTO: 30 bars fetched
VMC: 30 bars fetched
VRSN: 30 bars fetched
VST: 30 bars fetched
VZ: 30 bars fetched
WAB: 30 bars fetched
WAT: 30 bars fetched
WDC: 30 bars fetched
WEC: 30 bars fetched
WFC: 30 bars fetched
WM: 30 bars fetched
WMB: 30 bars fetched
WRB: 30 bars fetched
WSM: 30 bars fetched
WST: 30 bars fetched
WYNN: 30 bars fetched
XEL: 30 bars fetched
XOM: 30 bars fetched
XYL: 30 bars fetched
YUM: 30 bars fetched
ZBH: 30 bars fetched
ZBRA: 30 bars fetched
ZTS: 30 bars fetched
A: 30 bars fetched
AAPL: 30 bars fetched
ABNB: 30 bars fetched
ABT: 30 bars fetched
ACGL: 30 bars fetched
ACN: 30 bars fetched
ADBE: 30 bars fetched
ADM: 30 bars fetched
ADP: 30 bars fetched
AEE: 30 bars fetched
AEP: 30 bars fetched
AES: 30 bars fetched
AFL: 30 bars fetched
AIG: 30 bars fetched
AIZ: 30 bars fetched
AKAM: 30 bars fetched
ALGN: 30 bars fetched
ALL: 30 bars fetched
ALLE: 30 bars fetched
AMAT: 30 bars fetched
AMCR: 30 bars fetched
AME: 30 bars fetched
AMGN: 30 bars fetched
AMP: 30 bars fetched
AMT: 30 bars fetched
AMZN: 30 bars fetched
AON: 30 bars fetched
AOS: 30 bars fetched
APA: 30 bars fetched
APO: 30 bars fetched
APTV: 30 bars fetched
ATO: 30 bars fetched
AVB: 30 bars fetched
AVY: 30 bars fetched
AWK: 30 bars fetched
AXP: 30 bars fetched
AZO: 30 bars fetched
BAC: 30 bars fetched
BALL: 30 bars fetched
BBY: 30 bars fetched
BDX: 30 bars fetched
BEN: 30 bars fetched
BG: 30 bars fetched
BIIB: 30 bars fetched
BK: 30 bars fetched
BKNG: 30 bars fetched
BKR: 30 bars fetched
BLDR: 30 bars fetched
BLK: 30 bars fetched
BMY: 30 bars fetched
BR: 30 bars fetched
BRO: 30 bars fetched
C: 30 bars fetched
CAG: 30 bars fetched
CAH: 30 bars fetched
CAT: 30 bars fetched
CB: 30 bars fetched
CBOE: 30 bars fetched
CCL: 30 bars fetched
CDW: 30 bars fetched
CEG: 30 bars fetched
CF: 30 bars fetched
CFG: 30 bars fetched
CHRW: 30 bars fetched
CHTR: 30 bars fetched
CI: 30 bars fetched
CINF: 30 bars fetched
CL: 30 bars fetched
CLX: 30 bars fetched
CMCSA: 30 bars fetched
CME: 30 bars fetched
CMI: 30 bars fetched
CMS: 30 bars fetched
CNC: 30 bars fetched
CNP: 30 bars fetched
COF: 30 bars fetched
COO: 30 bars fetched
COP: 30 bars fetched
COR: 30 bars fetched
CPAY: 30 bars fetched
CPB: 30 bars fetched
CPRT: 30 bars fetched
CSCO: 30 bars fetched
CSX: 30 bars fetched
CTRA: 30 bars fetched
CTSH: 30 bars fetched
CVS: 30 bars fetched
CVX: 30 bars fetched
D: 30 bars fetched
DAL: 30 bars fetched
DE: 30 bars fetched
DECK: 30 bars fetched
DELL: 30 bars fetched
DG: 30 bars fetched
DGX: 30 bars fetched
DHI: 30 bars fetched
DHR: 30 bars fetched
DIS: 30 bars fetched
DLTR: 30 bars fetched
DOV: 30 bars fetched
DPZ: 30 bars fetched
DRI: 30 bars fetched
DTE: 30 bars fetched
DUK: 30 bars fetched
DVA: 30 bars fetched
DVN: 30 bars fetched
EA: 30 bars fetched
EBAY: 30 bars fetched
ECL: 30 bars fetched
ED: 30 bars fetched
EG: 30 bars fetched
EIX: 30 bars fetched
ELV: 30 bars fetched
EMN: 30 bars fetched
EMR: 30 bars fetched
ENPH: 30 bars fetched
EOG: 30 bars fetched
EPAM: 30 bars fetched
EQR: 30 bars fetched
ERIE: 30 bars fetched
ES: 30 bars fetched
ESS: 30 bars fetched
ETN: 30 bars fetched
ETR: 30 bars fetched
EVRG: 30 bars fetched
EW: 30 bars fetched
EXC: 30 bars fetched
EXPD: 30 bars fetched
EXPE: 30 bars fetched
EXR: 30 bars fetched
F: 30 bars fetched
FANG: 30 bars fetched
FCX: 30 bars fetched
FDS: 30 bars fetched
FDX: 30 bars fetched
FE: 30 bars fetched
FFIV: 30 bars fetched
FI: 30 bars fetched
FITB: 30 bars fetched
FOX: 30 bars fetched
FOXA: 30 bars fetched
FRT: 30 bars fetched
FSLR: 30 bars fetched
FTV: 30 bars fetched
GD: 30 bars fetched
GDDY: 30 bars fetched
GE: 30 bars fetched
GEHC: 30 bars fetched
GEN: 30 bars fetched
GILD: 30 bars fetched
GIS: 30 bars fetched
GL: 30 bars fetched
GM: 30 bars fetched
GNRC: 30 bars fetched
GOOG: 30 bars fetched
GOOGL: 30 bars fetched
GPC: 30 bars fetched
GPN: 30 bars fetched
GRMN: 30 bars fetched
GS: 30 bars fetched
GWW: 30 bars fetched
HAL: 30 bars fetched
HAS: 30 bars fetched
HBAN: 30 bars fetched
HCA: 30 bars fetched
HD: 30 bars fetched
HES: 30 bars fetched
HIG: 30 bars fetched
HII: 30 bars fetched
HOLX: 30 bars fetched
HON: 30 bars fetched
HPE: 30 bars fetched
HPQ: 30 bars fetched
HRL: 30 bars fetched
HSIC: 30 bars fetched
HST: 30 bars fetched
HSY: 30 bars fetched
HUBB: 30 bars fetched
HUM: 30 bars fetched
ICE: 30 bars fetched
IEX: 30 bars fetched
IP: 30 bars fetched
IPG: 30 bars fetched
IQV: 30 bars fetched
IT: 30 bars fetched
ITW: 30 bars fetched
IVZ: 30 bars fetched
JBHT: 30 bars fetched
JCI: 30 bars fetched
JKHY: 30 bars fetched
JNJ: 30 bars fetched
JNPR: 30 bars fetched
JPM: 30 bars fetched
K: 30 bars fetched
KDP: 30 bars fetched
KEYS: 30 bars fetched
KHC: 30 bars fetched
KIM: 30 bars fetched
KLAC: 30 bars fetched
KMB: 30 bars fetched
KMI: 30 bars fetched
KMX: 30 bars fetched
KO: 30 bars fetched
KR: 30 bars fetched
KVUE: 30 bars fetched
L: 30 bars fetched
LDOS: 30 bars fetched
LEN: 30 bars fetched
LH: 30 bars fetched
LHX: 30 bars fetched
LII: 30 bars fetched
LIN: 30 bars fetched
LKQ: 30 bars fetched
LMT: 30 bars fetched
LNT: 30 bars fetched
LOW: 30 bars fetched
LRCX: 30 bars fetched
LULU: 30 bars fetched
LUV: 30 bars fetched
LVS: 30 bars fetched
LW: 30 bars fetched
LYB: 30 bars fetched
MA: 30 bars fetched
MAA: 30 bars fetched
MAR: 30 bars fetched
MAS: 30 bars fetched
MCD: 30 bars fetched
MCK: 30 bars fetched
MDLZ: 30 bars fetched
MDT: 30 bars fetched
MET: 30 bars fetched
META: 30 bars fetched
MGM: 30 bars fetched
MHK: 30 bars fetched
MKC: 30 bars fetched
MKTX: 30 bars fetched
MLM: 30 bars fetched
MMC: 30 bars fetched
MMM: 30 bars fetched
MO: 30 bars fetched
MOH: 30 bars fetched
MOS: 30 bars fetched
MPC: 30 bars fetched
MPWR: 30 bars fetched
MRK: 30 bars fetched
MS: 30 bars fetched
MSCI: 30 bars fetched
MSFT: 30 bars fetched
MSI: 30 bars fetched
MTB: 30 bars fetched
MTCH: 30 bars fetched
MTD: 30 bars fetched
MU: 30 bars fetched
NCLH: 30 bars fetched
NDAQ: 30 bars fetched
NDSN: 30 bars fetched
NEE: 30 bars fetched
NEM: 30 bars fetched
NI: 30 bars fetched
NKE: 30 bars fetched
NOC: 30 bars fetched
NRG: 30 bars fetched
NSC: 30 bars fetched
NTAP: 30 bars fetched
NTRS: 30 bars fetched
NUE: 30 bars fetched
NVR: 30 bars fetched
NWSA: 30 bars fetched
NXPI: 30 bars fetched
ODFL: 30 bars fetched
OKE: 30 bars fetched
OMC: 30 bars fetched
ON: 30 bars fetched
ORLY: 30 bars fetched
OTIS: 30 bars fetched
OXY: 30 bars fetched
PAYC: 30 bars fetched
PAYX: 30 bars fetched
PCAR: 30 bars fetched
PCG: 30 bars fetched
PEG: 30 bars fetched
PEP: 30 bars fetched
PFE: 30 bars fetched
PFG: 30 bars fetched
PG: 30 bars fetched
PGR: 30 bars fetched
PH: 30 bars fetched
PHM: 30 bars fetched
PKG: 30 bars fetched
PLD: 30 bars fetched
PM: 30 bars fetched
PNC: 30 bars fetched
PNR: 30 bars fetched
PNW: 30 bars fetched
POOL: 30 bars fetched
PPG: 30 bars fetched
PPL: 30 bars fetched
PRU: 30 bars fetched
PSA: 30 bars fetched
PSX: 30 bars fetched
PYPL: 30 bars fetched
QCOM: 30 bars fetched
RCL: 30 bars fetched
REG: 30 bars fetched
REGN: 30 bars fetched
RF: 30 bars fetched
RJF: 30 bars fetched
RL: 30 bars fetched
RMD: 30 bars fetched
ROST: 30 bars fetched
RSG: 30 bars fetched
RVTY: 30 bars fetched
SBAC: 30 bars fetched
SBUX: 30 bars fetched
SCHW: 30 bars fetched
SHW: 30 bars fetched
SLB: 30 bars fetched
SMCI: 30 bars fetched
SNA: 30 bars fetched
SO: 30 bars fetched
SOLV: 30 bars fetched
SPG: 30 bars fetched
SRE: 30 bars fetched
STE: 30 bars fetched
STLD: 30 bars fetched
STT: 30 bars fetched
STX: 30 bars fetched
SWK: 30 bars fetched
SWKS: 30 bars fetched
SYF: 30 bars fetched
SYY: 30 bars fetched
T: 30 bars fetched
TAP: 30 bars fetched
TDY: 30 bars fetched
TEL: 30 bars fetched
TER: 30 bars fetched
TGT: 30 bars fetched
TJX: 30 bars fetched
TMO: 30 bars fetched
TMUS: 30 bars fetched
TPR: 30 bars fetched
TRGP: 30 bars fetched
TRMB: 30 bars fetched
TROW: 30 bars fetched
TRV: 30 bars fetched
TSCO: 30 bars fetched
TSN: 30 bars fetched
TT: 30 bars fetched
TXN: 30 bars fetched
TXT: 30 bars fetched
UAL: 30 bars fetched
UBER: 30 bars fetched
UHS: 30 bars fetched
ULTA: 30 bars fetched
UNH: 30 bars fetched
UNP: 30 bars fetched
UPS: 30 bars fetched
URI: 30 bars fetched
USB: 30 bars fetched
V: 30 bars fetched
VICI: 30 bars fetched
VLTO: 30 bars fetched
VMC: 30 bars fetched
VRSN: 30 bars fetched
VST: 30 bars fetched
VZ: 30 bars fetched
WAB: 30 bars fetched
WAT: 30 bars fetched
WDC: 30 bars fetched
WEC: 30 bars fetched
WFC: 30 bars fetched
WM: 30 bars fetched
WMB: 30 bars fetched
WRB: 30 bars fetched
WSM: 30 bars fetched
WST: 30 bars fetched
WYNN: 30 bars fetched
XEL: 30 bars fetched
XOM: 30 bars fetched
XYL: 30 bars fetched
YUM: 30 bars fetched
ZBH: 30 bars fetched
ZBRA: 30 bars fetched
ZTS: 30 bars fetched
A: 30 bars fetched
AAPL: 30 bars fetched
ABNB: 30 bars fetched
ABT: 30 bars fetched
ACGL: 30 bars fetched
ACN: 30 bars fetched
ADBE: 30 bars fetched
ADM: 30 bars fetched
ADP: 30 bars fetched
AEE: 30 bars fetched
AEP: 30 bars fetched
AES: 30 bars fetched
AFL: 30 bars fetched
AIG: 30 bars fetched
AIZ: 30 bars fetched
AKAM: 30 bars fetched
ALGN: 30 bars fetched
ALL: 30 bars fetched
ALLE: 30 bars fetched
AMAT: 30 bars fetched
AMCR: 30 bars fetched
AME: 30 bars fetched
AMGN: 30 bars fetched
AMP: 30 bars fetched
AMT: 30 bars fetched
AMZN: 30 bars fetched